[21:01:58] Fase OK: lock_acquire
[21:01:58] Avvio fase: check_sources_quorum
[21:02:00] Fase KO: check_sources_quorum -> Quorum insufficiente (1)
[21:02:00] SERVER ciclo #21: quorum degraded (Quorum insufficiente (1))
[21:02:00] Avvio fase: update_local_draws_stage
[21:02:01] Fase OK: update_local_draws_stage
[21:02:01] SERVER: nuovo draws rilevato, avvio pipeline completa post-update
[21:02:01] Avvio fase: verify_draws_stage
[21:02:01] Fase OK: verify_draws_stage
[21:02:01] Avvio fase: apply_draws_local_atomic
[21:02:01] Fase OK: apply_draws_local_atomic
[21:02:01] Avvio fase: train_incremental_stage_all_active
[21:03:35] Fase OK: train_incremental_stage_all_active
[21:03:35] Avvio fase: verify_train_outputs_stage
[21:03:35] Fase OK: verify_train_outputs_stage
[21:03:35] Avvio fase: update_card_hits_stage
[21:03:35] Fase OK: update_card_hits_stage
[21:03:35] Avvio fase: verify_card_hits_stage
[21:03:35] Fase OK: verify_card_hits_stage
[21:03:35] Avvio fase: build_manifest_stage
[21:03:35] Fase OK: build_manifest_stage
[21:03:35] Avvio fase: verify_bundle_stage
[21:03:35] Fase OK: verify_bundle_stage
[21:03:35] Avvio fase: apply_stage_to_repo
[21:03:35] Fase KO: apply_stage_to_repo -> Working tree non pulita (gate strict)
[21:03:35] SERVER ciclo #21: stop su apply_stage_to_repo (Working tree non pulita (gate strict))
[21:03:35] Avvio fase: lock_release
[21:03:35] Fase OK: lock_release
[21:03:35] SERVER ciclo #21: degraded
[21:03:35] SERVER: prossimo ciclo tra 2m 00s alle 21:05:35
[21:05:35] SERVER ciclo #22: avvio
[21:05:35] Avvio fase: git_add_commit_push_once
