[19:53:16] Run avviato: mode=single, action=lock_acquire
[19:53:16] Fase OK: lock_acquire
[19:53:16] Lock acquisito (run_id=20260219_195316)
[19:56:05] Run avviato: mode=server, action=run_server_total
[19:56:05] SERVER ciclo #1: avvio
[19:56:05] Avvio fase: lock_acquire
[19:56:06] Fase OK: lock_acquire
[19:56:06] Avvio fase: check_sources_quorum
[19:56:08] Fase KO: check_sources_quorum -> Quorum insufficiente (2)
[19:56:08] Avvio fase: update_local_draws_stage
[19:56:09] Fase OK: update_local_draws_stage
[19:56:09] Avvio fase: verify_draws_stage
[19:56:09] Fase OK: verify_draws_stage
[19:56:09] Avvio fase: apply_draws_local_atomic
[19:56:09] Fase OK: apply_draws_local_atomic
[19:56:09] Avvio fase: train_incremental_stage_all_active
[19:57:32] Fase OK: train_incremental_stage_all_active
[19:57:32] Avvio fase: verify_train_outputs_stage
[19:57:32] Fase OK: verify_train_outputs_stage
[19:57:32] Avvio fase: update_card_hits_stage
[19:57:32] Fase OK: update_card_hits_stage
[19:57:32] Avvio fase: verify_card_hits_stage
[19:57:32] Fase OK: verify_card_hits_stage
[19:57:32] Avvio fase: build_manifest_stage
[19:57:32] Fase OK: build_manifest_stage
[19:57:32] Avvio fase: verify_bundle_stage
[19:57:32] Fase OK: verify_bundle_stage
[19:57:32] Avvio fase: apply_stage_to_repo
[19:57:32] Fase KO: apply_stage_to_repo -> Working tree non pulita (gate strict)
[19:57:32] Avvio fase: git_add_commit_push_once
